<?xml version="1.0" encoding="UTF-8"?>
<!-- Generated by org.testng.reporters.JUnitReportReporter -->
<testsuite hostname="DESKTOP-61ES4FM" failures="0" tests="1" name="Tests.Scenario2Test" time="37.179" errors="0" timestamp="2023-01-13T04:42:58 EET" skipped="0">
  <testcase classname="Tests.Scenario2Test" name="sc2" time="37.179"/>
  <system-out/>
</testsuite> <!-- Tests.Scenario2Test -->
