<?xml version="1.0" encoding="UTF-8"?>
<!-- Generated by org.testng.reporters.JUnitReportReporter -->
<testsuite hostname="DESKTOP-61ES4FM" failures="0" tests="1" name="Tests.LoginTEST" time="6.386" errors="0" timestamp="2023-01-13T00:08:39 EET" skipped="0">
  <testcase classname="Tests.LoginTEST" name="validlogin" time="6.386"/>
  <system-out/>
</testsuite> <!-- Tests.LoginTEST -->
