<?xml version="1.0" encoding="UTF-8"?>
<!-- Generated by org.testng.reporters.JUnitReportReporter -->
<testsuite hostname="DESKTOP-61ES4FM" failures="0" tests="1" name="Tests.Scenario1Test" time="35.441" errors="0" timestamp="2023-01-13T04:42:58 EET" skipped="0">
  <testcase classname="Tests.Scenario1Test" name="sc1" time="35.441"/>
  <system-out/>
</testsuite> <!-- Tests.Scenario1Test -->
